2026.05.11 01:55:19 INFO  Started: Metals version 1.6.7 in folders 'C:\Software Projects\Academics\CMSC 125\disk-scheduling' for client Visual Studio Code 1.119.0.
2026.05.11 01:55:19 INFO  Memory monitor started
2026.05.11 01:55:21 WARN  Using H2 2.4.240 which is newer than the version Flyway has been verified with. The latest verified version of H2 is 2.3.232.
2026.05.11 01:57:29 INFO  no build target found for C:\Software Projects\Academics\CMSC 125\disk-scheduling\src\main\java\main\Main.java. Using fallback presentation compiler.
2026.05.11 02:00:02 INFO  no build target found for C:\Software Projects\Academics\CMSC 125\disk-scheduling\src\main\java\main\Main.java. Using fallback presentation compiler.
May 11, 2026 2:00:02 AM org.eclipse.lsp4j.jsonrpc.RemoteEndpoint handleCancellation
WARNING: Unmatched cancel notification for request id 10
2026.05.11 02:13:53 INFO  no build target found for C:\Software Projects\Academics\CMSC 125\disk-scheduling\src\main\java\main\Main.java. Using fallback presentation compiler.
2026.05.11 02:13:53 INFO  no build target found for C:\Software Projects\Academics\CMSC 125\disk-scheduling\src\main\java\main\Main.java. Using fallback presentation compiler.
2026.05.11 07:09:04 INFO  no build target found for C:\Software Projects\Academics\CMSC 125\disk-scheduling\src\main\java\main\Main.java. Using fallback presentation compiler.
2026.05.11 07:09:04 INFO  no build target found for C:\Software Projects\Academics\CMSC 125\disk-scheduling\src\main\java\main\Main.java. Using fallback presentation compiler.
2026.05.11 07:09:04 INFO  no build target found for C:\Software Projects\Academics\CMSC 125\disk-scheduling\src\main\java\main\Main.java. Using fallback presentation compiler.
May 11, 2026 7:09:04 AM org.eclipse.lsp4j.jsonrpc.RemoteEndpoint handleCancellation
WARNING: Unmatched cancel notification for request id 19
May 11, 2026 7:09:04 AM org.eclipse.lsp4j.jsonrpc.RemoteEndpoint handleCancellation
WARNING: Unmatched cancel notification for request id 20
May 11, 2026 9:50:09 AM org.eclipse.lsp4j.jsonrpc.services.GenericEndpoint notify
INFO: Unsupported notification method: $/setTrace
2026.05.11 09:50:09 INFO  no build target found for C:\Software Projects\Academics\CMSC 125\disk-scheduling\src\main\java\main\Main.java. Using fallback presentation compiler.
2026.05.11 09:50:13 INFO  Shutting down server
2026.05.11 09:50:13 INFO  Memory monitor stopped
2026.05.11 09:50:13 INFO  shutting down Metals
2026.05.11 09:50:13 INFO  Exiting server
